2023-02-07 05:58:13,850 - INFO - Bot: GB Test Bot [@kodikormayne_bot]
2023-02-07 05:58:13,974 - WARNING - Updates were skipped successfully.
2023-02-07 05:58:14,010 - INFO - Start polling.
2023-02-07 05:59:41,813 - INFO - Stop polling...
2023-02-07 05:59:41,815 - WARNING - Goodbye!
2023-02-07 06:01:22,496 - INFO - Bot: GB Test Bot [@kodikormayne_bot]
2023-02-07 06:01:22,597 - WARNING - Updates were skipped successfully.
2023-02-07 06:01:22,598 - INFO - Bot start
2023-02-07 06:01:22,599 - INFO - Start polling.
2023-02-07 06:01:31,775 - INFO - Stop polling...
2023-02-07 06:01:31,776 - WARNING - Goodbye!
2023-02-07 06:19:44,502 - INFO - Bot: GB Test Bot [@kodikormayne_bot]
2023-02-07 06:19:44,613 - WARNING - Updates were skipped successfully.
2023-02-07 06:19:44,616 - INFO - Bot start
2023-02-07 06:19:44,617 - INFO - Start polling.
2023-02-07 06:21:57,767 - INFO - Stop polling...
2023-02-07 06:21:57,768 - WARNING - Goodbye!
2023-02-07 06:22:16,311 - INFO - Bot: GB Test Bot [@kodikormayne_bot]
2023-02-07 06:22:16,412 - WARNING - Updates were skipped successfully.
2023-02-07 06:22:16,412 - INFO - Bot start
2023-02-07 06:22:16,413 - INFO - Start polling.
2023-02-07 06:23:45,249 - INFO - Stop polling...
2023-02-07 06:23:45,250 - WARNING - Goodbye!
2023-02-07 06:23:56,026 - INFO - Bot: GB Test Bot [@kodikormayne_bot]
2023-02-07 06:23:56,123 - WARNING - Updates were skipped successfully.
2023-02-07 06:23:56,123 - INFO - Bot start
2023-02-07 06:23:56,124 - INFO - Start polling.
